mode: set
github.com/OnurrUgur/GolangGeneral/test.go:8.13,11.16 2 0
github.com/OnurrUgur/GolangGeneral/test.go:17.2,17.48 1 0
github.com/OnurrUgur/GolangGeneral/test.go:11.16,15.3 2 0
github.com/OnurrUgur/GolangGeneral/test.go:21.42,24.12 2 1
github.com/OnurrUgur/GolangGeneral/test.go:29.2,31.19 2 1
github.com/OnurrUgur/GolangGeneral/test.go:24.12,27.3 1 1
github.com/OnurrUgur/GolangGeneral/json.go:17.15,40.16 4 0
github.com/OnurrUgur/GolangGeneral/json.go:44.2,66.16 16 0
github.com/OnurrUgur/GolangGeneral/json.go:70.2,70.30 1 0
github.com/OnurrUgur/GolangGeneral/json.go:40.16,42.3 1 0
github.com/OnurrUgur/GolangGeneral/json.go:66.16,68.3 1 0
github.com/OnurrUgur/GolangGeneral/interfaces.go:42.26,44.2 1 0
github.com/OnurrUgur/GolangGeneral/interfaces.go:46.28,48.2 1 0
github.com/OnurrUgur/GolangGeneral/interfaces.go:50.33,52.2 1 0
github.com/OnurrUgur/GolangGeneral/interfaces.go:54.32,56.2 1 0
github.com/OnurrUgur/GolangGeneral/interfaces.go:58.37,60.2 1 0
